<?xml version="1.0" encoding="UTF-8"?>
<!-- Generated by org.testng.reporters.JUnitXMLReporter -->
<testsuite hostname="LENOVO" ignored="0" name="TestNGTest1" tests="5" failures="0" timestamp="02 May 2019 15:37:56 GMT" time="274.66" errors="0">
  <testcase name="CreateServiceTest" time="48.791" classname="com.testCases.TP_TC_072"/>
  <testcase name="CreateNeedTest" time="36.687" classname="com.testCases.TP_TC_073"/>
  <testcase name="SelectCategory" time="23.677" classname="com.testCases.TP_TC_074"/>
  <testcase name="SelCatNegative" time="21.995" classname="com.testCases.TP_TC_075"/>
  <testcase name="SubCatAll" time="39.145" classname="com.testCases.TP_TC_076"/>
</testsuite> <!-- TestNGTest1 -->
